[debug] [2022-04-30T07:57:56.958Z] ----------------------------------------------------------------------
[debug] [2022-04-30T07:57:56.960Z] Command:       C:\Program Files\nodejs\node.exe C:\Users\dndls\AppData\Roaming\npm\node_modules\firebase-tools\lib\bin\firebase.js init
[debug] [2022-04-30T07:57:56.961Z] CLI Version:   10.6.0
[debug] [2022-04-30T07:57:56.961Z] Platform:      win32
[debug] [2022-04-30T07:57:56.961Z] Node Version:  v16.13.2
[debug] [2022-04-30T07:57:56.963Z] Time:          Sat Apr 30 2022 16:57:56 GMT+0900 (대한민국 표준시)
[debug] [2022-04-30T07:57:56.964Z] ----------------------------------------------------------------------
[debug] 
[debug] [2022-04-30T07:57:57.046Z] > command requires scopes: ["email","openid","https://www.googleapis.com/auth/cloudplatformprojects.readonly","https://www.googleapis.com/auth/firebase","https://www.googleapis.com/auth/cloud-platform"]
[debug] [2022-04-30T07:57:57.047Z] > authorizing via signed-in user (dndls321@gmail.com)
[info] 
     ######## #### ########  ######## ########     ###     ######  ########
     ##        ##  ##     ## ##       ##     ##  ##   ##  ##       ##
     ######    ##  ########  ######   ########  #########  ######  ######
     ##        ##  ##    ##  ##       ##     ## ##     ##       ## ##
     ##       #### ##     ## ######## ########  ##     ##  ######  ########

You're about to initialize a Firebase project in this directory:

  C:\Users\dndls\Desktop\Project\React\Reactstagram

Before we get started, keep in mind:

  * You are initializing within an existing Firebase project directory

[info] 
=== Project Setup
[info] 
[info] First, let's associate this project directory with a Firebase project.
[info] You can create multiple project aliases by running firebase use --add, 
[info] but for now we'll just set up a default project.
[info] 
[debug] [2022-04-30T07:58:05.148Z] Using project from CLI flag: reactstagram-13fac
[debug] [2022-04-30T07:58:05.150Z] > refreshing access token with scopes: []
[debug] [2022-04-30T07:58:05.150Z] >>> HTTP REQUEST POST https://www.googleapis.com/oauth2/v3/token  
 <request body omitted>
[debug] [2022-04-30T07:58:05.425Z] <<< HTTP RESPONSE 200 {"date":"Sat, 30 Apr 2022 07:58:02 GMT","cache-control":"no-cache, no-store, max-age=0, must-revalidate","pragma":"no-cache","expires":"Mon, 01 Jan 1990 00:00:00 GMT","content-type":"application/json; charset=utf-8","vary":"X-Origin, Referer, Origin,Accept-Encoding","server":"scaffolding on HTTPServer2","x-xss-protection":"0","x-frame-options":"SAMEORIGIN","x-content-type-options":"nosniff","alt-svc":"h3=\":443\"; ma=2592000,h3-29=\":443\"; ma=2592000,h3-Q050=\":443\"; ma=2592000,h3-Q046=\":443\"; ma=2592000,h3-Q043=\":443\"; ma=2592000,quic=\":443\"; ma=2592000; v=\"46,43\"","accept-ranges":"none","transfer-encoding":"chunked"}
[debug] [2022-04-30T07:58:05.451Z] >>> [apiv2][query] GET https://firebase.googleapis.com/v1beta1/projects/reactstagram-13fac [none]
[debug] [2022-04-30T07:58:05.923Z] <<< [apiv2][status] GET https://firebase.googleapis.com/v1beta1/projects/reactstagram-13fac 403
[debug] [2022-04-30T07:58:05.923Z] <<< [apiv2][body] GET https://firebase.googleapis.com/v1beta1/projects/reactstagram-13fac {"error":{"code":403,"message":"The caller does not have permission","status":"PERMISSION_DENIED"}}
[debug] [2022-04-30T07:58:05.924Z] HTTP Error: 403, The caller does not have permission
[debug] [2022-04-30T07:58:06.124Z] FirebaseError: HTTP Error: 403, The caller does not have permission
    at module.exports (C:\Users\dndls\AppData\Roaming\npm\node_modules\firebase-tools\lib\responseToError.js:47:12)
    at RetryOperation._fn (C:\Users\dndls\AppData\Roaming\npm\node_modules\firebase-tools\lib\apiv2.js:286:39)
    at processTicksAndRejections (node:internal/process/task_queues:96:5)
[error] 
[error] Error: Failed to get Firebase project reactstagram-13fac. Please make sure the project exists and your account has permission to access it.
